2021-07-18 11:27:49,789 - Baseline - INFO - Log directory: data/model
2021-07-18 11:27:49,868 - Baseline - INFO - Static
2021-07-18 11:27:49,868 - Baseline - INFO - Model	Horizon	RMSE	MAPE	MAE
2021-07-18 11:27:49,870 - Baseline - INFO - Static	1	1.21	7.04	0.87
2021-07-18 11:27:49,871 - Baseline - INFO - Static	3	2.85	19.43	2.13
2021-07-18 11:27:49,872 - Baseline - INFO - Static	6	4.55	35.85	3.54
2021-07-18 11:27:49,874 - Baseline - INFO - Static	12	5.74	45.19	4.75
2021-07-18 11:27:49,879 - Baseline - INFO - Historical Average
2021-07-18 11:27:49,880 - Baseline - INFO - Model	Horizon	RMSE	MAPE	MAE
2021-07-18 11:27:49,880 - Baseline - INFO - HA	1	9.87	53.34	8.54
2021-07-18 11:27:49,880 - Baseline - INFO - HA	3	9.87	53.34	8.54
2021-07-18 11:27:49,880 - Baseline - INFO - HA	6	9.87	53.34	8.54
2021-07-18 11:27:49,880 - Baseline - INFO - HA	12	9.87	53.34	8.54
2021-07-18 11:27:49,985 - Baseline - INFO - VAR (lag=3)
2021-07-18 11:27:49,986 - Baseline - INFO - Model	Horizon	RMSE	MAPE	MAE
2021-07-18 11:27:49,987 - Baseline - INFO - VAR	1	1.02	5.88	0.75
2021-07-18 11:27:49,988 - Baseline - INFO - VAR	3	2.16	13.53	1.66
2021-07-18 11:27:49,989 - Baseline - INFO - VAR	6	3.38	22.59	2.60
2021-07-18 11:27:49,990 - Baseline - INFO - VAR	12	3.75	27.09	2.96
2021-07-18 11:27:49,990 - Baseline - INFO - heilongjiang:
2021-07-18 11:27:49,990 - Baseline - INFO - DCRNN
2021-07-18 11:27:49,990 - Baseline - INFO - Model	Horizon	RMSE	MAPE	MAE
2021-07-18 11:27:50,005 - Baseline - INFO - DCRNN	1	1.35	8.40	0.98
2021-07-18 11:27:50,016 - Baseline - INFO - DCRNN	3	2.00	13.08	1.47
2021-07-18 11:27:50,028 - Baseline - INFO - DCRNN	6	3.11	21.22	2.29
2021-07-18 11:27:50,046 - Baseline - INFO - DCRNN	12	4.57	30.66	3.46
2021-07-18 11:27:50,046 - Baseline - INFO - ChebCRNN
2021-07-18 11:27:50,046 - Baseline - INFO - Model	Horizon	RMSE	MAPE	MAE
2021-07-18 11:27:50,070 - Baseline - INFO - ChebCRNN	1	1.13	5.94	0.79
2021-07-18 11:27:50,081 - Baseline - INFO - ChebCRNN	3	1.81	10.11	1.25
2021-07-18 11:27:50,094 - Baseline - INFO - ChebCRNN	6	2.70	17.09	1.90
2021-07-18 11:27:50,111 - Baseline - INFO - ChebCRNN	12	3.51	24.71	2.61
2021-07-18 11:27:50,111 - Baseline - INFO - FCRNN
2021-07-18 11:27:50,111 - Baseline - INFO - Model	Horizon	RMSE	MAPE	MAE
2021-07-18 11:27:50,123 - Baseline - INFO - FCRNN	1	0.98	5.56	0.69
2021-07-18 11:27:50,134 - Baseline - INFO - FCRNN	3	1.73	10.04	1.23
2021-07-18 11:27:50,147 - Baseline - INFO - FCRNN	6	3.01	18.15	2.15
2021-07-18 11:27:50,166 - Baseline - INFO - FCRNN	12	3.83	26.19	2.85
2021-07-18 11:27:50,166 - Baseline - INFO - GCRNN
2021-07-18 11:27:50,167 - Baseline - INFO - Model	Horizon	RMSE	MAPE	MAE
2021-07-18 11:27:50,188 - Baseline - INFO - GCRNN	1	1.02	5.74	0.73
2021-07-18 11:27:50,199 - Baseline - INFO - GCRNN	3	1.76	10.25	1.20
2021-07-18 11:27:50,211 - Baseline - INFO - GCRNN	6	2.76	18.15	1.92
2021-07-18 11:27:50,230 - Baseline - INFO - GCRNN	12	3.88	27.23	2.85
2021-07-18 15:04:49,565 - Baseline - INFO - Log directory: data/model
2021-07-18 15:04:49,642 - Baseline - INFO - Static
2021-07-18 15:04:49,642 - Baseline - INFO - Model	Horizon	RMSE	MAPE	MAE
2021-07-18 15:04:49,644 - Baseline - INFO - Static	1	1.21	7.04	0.87
2021-07-18 15:04:49,645 - Baseline - INFO - Static	3	2.85	19.43	2.13
2021-07-18 15:04:49,667 - Baseline - INFO - Static	6	4.55	35.85	3.54
2021-07-18 15:04:49,669 - Baseline - INFO - Static	12	5.74	45.19	4.75
2021-07-18 15:04:49,696 - Baseline - INFO - Historical Average
2021-07-18 15:04:49,716 - Baseline - INFO - Model	Horizon	RMSE	MAPE	MAE
2021-07-18 15:04:49,716 - Baseline - INFO - HA	1	9.87	53.34	8.54
2021-07-18 15:04:49,716 - Baseline - INFO - HA	3	9.87	53.34	8.54
2021-07-18 15:04:49,717 - Baseline - INFO - HA	6	9.87	53.34	8.54
2021-07-18 15:04:49,717 - Baseline - INFO - HA	12	9.87	53.34	8.54
2021-07-18 15:04:49,807 - Baseline - INFO - VAR (lag=3)
2021-07-18 15:04:49,815 - Baseline - INFO - Model	Horizon	RMSE	MAPE	MAE
2021-07-18 15:04:49,817 - Baseline - INFO - VAR	1	1.02	5.88	0.75
2021-07-18 15:04:49,818 - Baseline - INFO - VAR	3	2.16	13.53	1.66
2021-07-18 15:04:49,820 - Baseline - INFO - VAR	6	3.38	22.59	2.60
2021-07-18 15:04:49,841 - Baseline - INFO - VAR	12	3.75	27.09	2.96
2021-07-18 15:04:49,842 - Baseline - INFO - heilongjiang:
2021-07-18 15:04:49,842 - Baseline - INFO - DCRNN
2021-07-18 15:04:49,843 - Baseline - INFO - Model	Horizon	RMSE	MAPE	MAE
2021-07-18 15:04:49,853 - Baseline - INFO - DCRNN	1	1.35	8.40	0.98
2021-07-18 15:04:49,864 - Baseline - INFO - DCRNN	3	2.00	13.08	1.47
2021-07-18 15:04:49,877 - Baseline - INFO - DCRNN	6	3.11	21.22	2.29
2021-07-18 15:04:49,895 - Baseline - INFO - DCRNN	12	4.57	30.66	3.46
2021-07-18 15:04:49,895 - Baseline - INFO - ChebCRNN
2021-07-18 15:04:49,895 - Baseline - INFO - Model	Horizon	RMSE	MAPE	MAE
2021-07-18 15:04:49,906 - Baseline - INFO - ChebCRNN	1	1.13	5.94	0.79
2021-07-18 15:04:49,918 - Baseline - INFO - ChebCRNN	3	1.81	10.11	1.25
2021-07-18 15:04:49,930 - Baseline - INFO - ChebCRNN	6	2.70	17.09	1.90
2021-07-18 15:04:49,948 - Baseline - INFO - ChebCRNN	12	3.51	24.71	2.61
2021-07-18 15:04:49,948 - Baseline - INFO - FCRNN
2021-07-18 15:04:49,948 - Baseline - INFO - Model	Horizon	RMSE	MAPE	MAE
2021-07-18 15:04:49,964 - Baseline - INFO - FCRNN	1	0.99	5.46	0.70
2021-07-18 15:04:49,975 - Baseline - INFO - FCRNN	3	1.66	9.74	1.15
2021-07-18 15:04:49,987 - Baseline - INFO - FCRNN	6	2.57	16.90	1.79
2021-07-18 15:04:50,004 - Baseline - INFO - FCRNN	12	3.99	26.03	2.88
2021-07-18 15:04:50,004 - Baseline - INFO - GCRNN
2021-07-18 15:04:50,004 - Baseline - INFO - Model	Horizon	RMSE	MAPE	MAE
2021-07-18 15:04:50,016 - Baseline - INFO - GCRNN	1	1.02	5.74	0.73
2021-07-18 15:04:50,027 - Baseline - INFO - GCRNN	3	1.76	10.25	1.20
2021-07-18 15:04:50,038 - Baseline - INFO - GCRNN	6	2.76	18.15	1.92
2021-07-18 15:04:50,055 - Baseline - INFO - GCRNN	12	3.88	27.23	2.85
2021-07-18 15:10:51,135 - Baseline - INFO - Log directory: data/model
2021-07-18 15:10:51,199 - Baseline - INFO - Static
2021-07-18 15:10:51,200 - Baseline - INFO - Model	Horizon	RMSE	MAPE	MAE
2021-07-18 15:10:51,201 - Baseline - INFO - Static	1	1.21	7.04	0.87
2021-07-18 15:10:51,202 - Baseline - INFO - Static	3	2.85	19.43	2.13
2021-07-18 15:10:51,204 - Baseline - INFO - Static	6	4.55	35.85	3.54
2021-07-18 15:10:51,227 - Baseline - INFO - Static	12	5.74	45.19	4.75
2021-07-18 15:10:51,231 - Baseline - INFO - Historical Average
2021-07-18 15:10:51,253 - Baseline - INFO - Model	Horizon	RMSE	MAPE	MAE
2021-07-18 15:10:51,253 - Baseline - INFO - HA	1	9.87	53.34	8.54
2021-07-18 15:10:51,253 - Baseline - INFO - HA	3	9.87	53.34	8.54
2021-07-18 15:10:51,253 - Baseline - INFO - HA	6	9.87	53.34	8.54
2021-07-18 15:10:51,255 - Baseline - INFO - HA	12	9.87	53.34	8.54
2021-07-18 15:10:51,335 - Baseline - INFO - VAR (lag=3)
2021-07-18 15:10:51,335 - Baseline - INFO - Model	Horizon	RMSE	MAPE	MAE
2021-07-18 15:10:51,336 - Baseline - INFO - VAR	1	1.02	5.88	0.75
2021-07-18 15:10:51,337 - Baseline - INFO - VAR	3	2.16	13.53	1.66
2021-07-18 15:10:51,338 - Baseline - INFO - VAR	6	3.38	22.59	2.60
2021-07-18 15:10:51,339 - Baseline - INFO - VAR	12	3.75	27.09	2.96
2021-07-18 15:10:51,339 - Baseline - INFO - heilongjiang:
2021-07-18 15:10:51,340 - Baseline - INFO - DCRNN
2021-07-18 15:10:51,340 - Baseline - INFO - Model	Horizon	RMSE	MAPE	MAE
2021-07-18 15:10:51,351 - Baseline - INFO - DCRNN	1	1.35	8.40	0.98
2021-07-18 15:10:51,362 - Baseline - INFO - DCRNN	3	2.00	13.08	1.47
2021-07-18 15:10:51,373 - Baseline - INFO - DCRNN	6	3.11	21.22	2.29
2021-07-18 15:10:51,390 - Baseline - INFO - DCRNN	12	4.57	30.66	3.46
2021-07-18 15:10:51,391 - Baseline - INFO - ChebCRNN
2021-07-18 15:10:51,391 - Baseline - INFO - Model	Horizon	RMSE	MAPE	MAE
2021-07-18 15:10:51,402 - Baseline - INFO - ChebCRNN	1	1.13	5.94	0.79
2021-07-18 15:10:51,413 - Baseline - INFO - ChebCRNN	3	1.81	10.11	1.25
2021-07-18 15:10:51,425 - Baseline - INFO - ChebCRNN	6	2.70	17.09	1.90
2021-07-18 15:10:51,442 - Baseline - INFO - ChebCRNN	12	3.51	24.71	2.61
2021-07-18 15:10:51,443 - Baseline - INFO - FCRNN
2021-07-18 15:10:51,443 - Baseline - INFO - Model	Horizon	RMSE	MAPE	MAE
2021-07-18 15:10:51,458 - Baseline - INFO - FCRNN	1	1.20	7.02	0.91
2021-07-18 15:10:51,469 - Baseline - INFO - FCRNN	3	1.87	11.64	1.36
2021-07-18 15:10:51,482 - Baseline - INFO - FCRNN	6	2.81	20.02	2.00
2021-07-18 15:10:51,499 - Baseline - INFO - FCRNN	12	4.10	33.64	2.94
2021-07-18 15:10:51,499 - Baseline - INFO - GCRNN
2021-07-18 15:10:51,499 - Baseline - INFO - Model	Horizon	RMSE	MAPE	MAE
2021-07-18 15:10:51,510 - Baseline - INFO - GCRNN	1	1.02	5.74	0.73
2021-07-18 15:10:51,521 - Baseline - INFO - GCRNN	3	1.76	10.25	1.20
2021-07-18 15:10:51,533 - Baseline - INFO - GCRNN	6	2.76	18.15	1.92
2021-07-18 15:10:51,550 - Baseline - INFO - GCRNN	12	3.88	27.23	2.85
2021-07-18 15:19:00,861 - Baseline - INFO - Log directory: data/model
2021-07-18 15:19:00,913 - Baseline - INFO - Static
2021-07-18 15:19:00,913 - Baseline - INFO - Model	Horizon	RMSE	MAPE	MAE
2021-07-18 15:19:00,915 - Baseline - INFO - Static	1	1.21	7.04	0.87
2021-07-18 15:19:00,915 - Baseline - INFO - Static	3	2.85	19.43	2.13
2021-07-18 15:19:00,916 - Baseline - INFO - Static	6	4.55	35.85	3.54
2021-07-18 15:19:00,918 - Baseline - INFO - Static	12	5.74	45.19	4.75
2021-07-18 15:19:00,922 - Baseline - INFO - Historical Average
2021-07-18 15:19:00,922 - Baseline - INFO - Model	Horizon	RMSE	MAPE	MAE
2021-07-18 15:19:00,923 - Baseline - INFO - HA	1	9.87	53.34	8.54
2021-07-18 15:19:00,923 - Baseline - INFO - HA	3	9.87	53.34	8.54
2021-07-18 15:19:00,923 - Baseline - INFO - HA	6	9.87	53.34	8.54
2021-07-18 15:19:00,923 - Baseline - INFO - HA	12	9.87	53.34	8.54
2021-07-18 15:19:00,985 - Baseline - INFO - VAR (lag=3)
2021-07-18 15:19:00,985 - Baseline - INFO - Model	Horizon	RMSE	MAPE	MAE
2021-07-18 15:19:00,987 - Baseline - INFO - VAR	1	1.02	5.88	0.75
2021-07-18 15:19:00,988 - Baseline - INFO - VAR	3	2.16	13.53	1.66
2021-07-18 15:19:00,989 - Baseline - INFO - VAR	6	3.38	22.59	2.60
2021-07-18 15:19:00,990 - Baseline - INFO - VAR	12	3.75	27.09	2.96
2021-07-18 15:19:00,990 - Baseline - INFO - heilongjiang:
2021-07-18 15:19:00,990 - Baseline - INFO - DCRNN
2021-07-18 15:19:00,990 - Baseline - INFO - Model	Horizon	RMSE	MAPE	MAE
2021-07-18 15:19:01,001 - Baseline - INFO - DCRNN	1	1.35	8.40	0.98
2021-07-18 15:19:01,012 - Baseline - INFO - DCRNN	3	2.00	13.08	1.47
2021-07-18 15:19:01,024 - Baseline - INFO - DCRNN	6	3.11	21.22	2.29
2021-07-18 15:19:01,043 - Baseline - INFO - DCRNN	12	4.57	30.66	3.46
2021-07-18 15:19:01,043 - Baseline - INFO - ChebCRNN
2021-07-18 15:19:01,043 - Baseline - INFO - Model	Horizon	RMSE	MAPE	MAE
2021-07-18 15:19:01,054 - Baseline - INFO - ChebCRNN	1	1.13	5.94	0.79
2021-07-18 15:19:01,065 - Baseline - INFO - ChebCRNN	3	1.81	10.11	1.25
2021-07-18 15:19:01,076 - Baseline - INFO - ChebCRNN	6	2.70	17.09	1.90
2021-07-18 15:19:01,094 - Baseline - INFO - ChebCRNN	12	3.51	24.71	2.61
2021-07-18 15:19:01,095 - Baseline - INFO - FCRNN
2021-07-18 15:19:01,095 - Baseline - INFO - Model	Horizon	RMSE	MAPE	MAE
2021-07-18 15:19:01,110 - Baseline - INFO - FCRNN	1	1.02	5.46	0.72
2021-07-18 15:19:01,120 - Baseline - INFO - FCRNN	3	1.77	9.92	1.21
2021-07-18 15:19:01,132 - Baseline - INFO - FCRNN	6	2.71	17.53	1.88
2021-07-18 15:19:01,150 - Baseline - INFO - FCRNN	12	3.76	26.35	2.75
2021-07-18 15:19:01,150 - Baseline - INFO - GCRNN
2021-07-18 15:19:01,150 - Baseline - INFO - Model	Horizon	RMSE	MAPE	MAE
2021-07-18 15:19:01,161 - Baseline - INFO - GCRNN	1	1.02	5.74	0.73
2021-07-18 15:19:01,172 - Baseline - INFO - GCRNN	3	1.76	10.25	1.20
2021-07-18 15:19:01,184 - Baseline - INFO - GCRNN	6	2.76	18.15	1.92
2021-07-18 15:19:01,201 - Baseline - INFO - GCRNN	12	3.88	27.23	2.85
